2024-06-27 09:41:46 - root - DEBUG - Starting Car Inventory application.
2024-06-27 09:41:46 - root - DEBUG - Initializing CarInventoryApp
2024-06-27 09:41:46 - root - DEBUG - Icon loaded successfully
2024-06-27 09:41:46 - root - DEBUG - Initializing database
2024-06-27 09:41:46 - root - DEBUG - Database initialized successfully
2024-06-27 09:41:46 - root - DEBUG - Archive database initialized successfully
2024-06-27 09:41:46 - root - DEBUG - Car options loaded successfully
2024-06-27 09:41:46 - root - DEBUG - Logo is added successfully
2024-06-27 09:41:46 - root - DEBUG - Home Page label created
2024-06-27 09:41:46 - root - DEBUG - Add Car button created
2024-06-27 09:41:46 - root - DEBUG - Frame HomePage initialized
2024-06-27 09:41:46 - root - DEBUG - Previous inventory list cleared
2024-06-27 09:41:46 - root - DEBUG - Created frame for car: (1, '3CZRE4H53BG702032', 'HONDA', 'CR-V', '2011', '', '', '', '2032')
2024-06-27 09:41:46 - root - DEBUG - Added main clickable area for car: (1, '3CZRE4H53BG702032', 'HONDA', 'CR-V', '2011', '', '', '', '2032')
2024-06-27 09:41:46 - root - DEBUG - Created frame for quick action buttons for car: (1, '3CZRE4H53BG702032', 'HONDA', 'CR-V', '2011', '', '', '', '2032')
2024-06-27 09:41:46 - root - DEBUG - Added Delete button for car: (1, '3CZRE4H53BG702032', 'HONDA', 'CR-V', '2011', '', '', '', '2032')
2024-06-27 09:41:46 - root - DEBUG - Frame InventoryPage initialized
2024-06-27 09:41:46 - root - DEBUG - Frame AddCarPage initialized
2024-06-27 09:41:46 - root - DEBUG - Initializing SettingsPage
2024-06-27 09:41:46 - root - DEBUG - Settings label created
2024-06-27 09:41:46 - root - DEBUG - Loaded car_options.json successfully
2024-06-27 09:41:46 - root - DEBUG - Category label created
2024-06-27 09:41:46 - root - DEBUG - Category dropdown created
2024-06-27 09:41:46 - root - DEBUG - Feature label created
2024-06-27 09:41:46 - root - DEBUG - Feature input created
2024-06-27 09:41:46 - root - DEBUG - Save button created
2024-06-27 09:41:46 - root - DEBUG - Toggle theme button created
2024-06-27 09:41:46 - root - DEBUG - Frame SettingsPage initialized
2024-06-27 09:41:46 - root - DEBUG - Frame ArchivePage initialized
2024-06-27 09:41:46 - root - DEBUG - Frame CarOptionsPage initialized
2024-06-27 09:42:06 - root - DEBUG - Entered VIN: WAWAUGGAFC6DN045452
2024-06-27 09:42:08 - root - DEBUG - Invalid VIN length detected
2024-06-27 09:42:12 - root - DEBUG - Entered VIN: WAUGGAFC6DN045452
2024-06-27 09:42:12 - root - DEBUG - Calculated stock number: 5452
2024-06-27 09:42:12 - urllib3.connectionpool - DEBUG - Starting new HTTPS connection (1): vpic.nhtsa.dot.gov:443
2024-06-27 09:42:12 - urllib3.connectionpool - DEBUG - https://vpic.nhtsa.dot.gov:443 "POST /api/vehicles/DecodeVINValuesBatch/ HTTP/11" 200 2004
2024-06-27 09:42:12 - root - DEBUG - API request sent to decode VIN
2024-06-27 09:42:12 - root - DEBUG - Inserted car with VIN: WAUGGAFC6DN045452
2024-06-27 09:42:12 - root - DEBUG - Car data inserted into the database
2024-06-27 09:42:12 - root - DEBUG - Make: AUDI
2024-06-27 09:42:12 - root - DEBUG - Model: A6
2024-06-27 09:42:12 - root - DEBUG - Model Year: 2013
2024-06-27 09:42:12 - root - DEBUG - Series: Premium Plus Quattro
2024-06-27 09:42:17 - root - DEBUG - Updated options for car with VIN WAUGGAFC6DN045452
2024-06-27 09:42:19 - root - DEBUG - Previous inventory list cleared
2024-06-27 09:42:19 - root - DEBUG - Created frame for car: (1, '3CZRE4H53BG702032', 'HONDA', 'CR-V', '2011', '', '', '', '2032')
2024-06-27 09:42:19 - root - DEBUG - Added main clickable area for car: (1, '3CZRE4H53BG702032', 'HONDA', 'CR-V', '2011', '', '', '', '2032')
2024-06-27 09:42:19 - root - DEBUG - Created frame for quick action buttons for car: (1, '3CZRE4H53BG702032', 'HONDA', 'CR-V', '2011', '', '', '', '2032')
2024-06-27 09:42:19 - root - DEBUG - Added Delete button for car: (1, '3CZRE4H53BG702032', 'HONDA', 'CR-V', '2011', '', '', '', '2032')
2024-06-27 09:42:19 - root - DEBUG - Created frame for car: (2, 'WAUGGAFC6DN045452', 'AUDI', 'A6', '2013', 'Premium Plus Quattro', 'BLIND SPOT CAMERA', '', '5452')
2024-06-27 09:42:19 - root - DEBUG - Added main clickable area for car: (2, 'WAUGGAFC6DN045452', 'AUDI', 'A6', '2013', 'Premium Plus Quattro', 'BLIND SPOT CAMERA', '', '5452')
2024-06-27 09:42:19 - root - DEBUG - Created frame for quick action buttons for car: (2, 'WAUGGAFC6DN045452', 'AUDI', 'A6', '2013', 'Premium Plus Quattro', 'BLIND SPOT CAMERA', '', '5452')
2024-06-27 09:42:19 - root - DEBUG - Added Delete button for car: (2, 'WAUGGAFC6DN045452', 'AUDI', 'A6', '2013', 'Premium Plus Quattro', 'BLIND SPOT CAMERA', '', '5452')
2024-06-27 09:42:22 - root - DEBUG - Copied car details to clipboard: AUDI A6 (2013) - Premium Plus Quattro
2024-06-27 09:42:31 - root - DEBUG - Application main loop running.
2024-06-27 09:42:31 - root - DEBUG - Application closed.
